2019-07-09 12:13:09,166 - demo - org.springframework.boot.SpringApplication - ERROR [main]  [SpringApplication:reportFailure] - Application run failed
com.alibaba.dubbo.rpc.RpcException: Fail to start server(url: dubbo://192.168.0.234:20880/com.mwp.demo.api.MyCache.LocalCacheApi?anyhost=true&application=bootDemo&bean.name=providers:dubbo:localCacheApi&bind.ip=192.168.0.234&bind.port=20880&channel.readonly.sent=true&codec=dubbo&default.group=dubbo&dubbo=2.0.2&generic=false&heartbeat=60000&interface=com.mwp.demo.api.MyCache.LocalCacheApi&methods=getSize,getCache,removeCache,removeAllCache,setCacheExpire,setCache,containKey&pid=1824&side=provider&timestamp=1562645588862) Failed to bind NettyServer on /192.168.0.234:20880, cause: io/netty/bootstrap/ServerBootstrap
	at com.alibaba.dubbo.rpc.protocol.dubbo.DubboProtocol.createServer(DubboProtocol.java:287)
	at com.alibaba.dubbo.rpc.protocol.dubbo.DubboProtocol.openServer(DubboProtocol.java:264)
	at com.alibaba.dubbo.rpc.protocol.dubbo.DubboProtocol.export(DubboProtocol.java:251)
	at com.alibaba.dubbo.qos.protocol.QosProtocolWrapper.export(QosProtocolWrapper.java:62)
	at com.alibaba.dubbo.rpc.protocol.ProtocolFilterWrapper.export(ProtocolFilterWrapper.java:100)
	at com.alibaba.dubbo.rpc.protocol.ProtocolListenerWrapper.export(ProtocolListenerWrapper.java:57)
	at com.alibaba.dubbo.rpc.Protocol$Adaptive.export(Protocol$Adaptive.java)
	at com.alibaba.dubbo.registry.integration.RegistryProtocol.doLocalExport(RegistryProtocol.java:172)
	at com.alibaba.dubbo.registry.integration.RegistryProtocol.export(RegistryProtocol.java:135)
	at com.alibaba.dubbo.qos.protocol.QosProtocolWrapper.export(QosProtocolWrapper.java:60)
	at com.alibaba.dubbo.rpc.protocol.ProtocolFilterWrapper.export(ProtocolFilterWrapper.java:98)
	at com.alibaba.dubbo.rpc.protocol.ProtocolListenerWrapper.export(ProtocolListenerWrapper.java:55)
	at com.alibaba.dubbo.rpc.Protocol$Adaptive.export(Protocol$Adaptive.java)
	at com.alibaba.dubbo.config.ServiceConfig.doExportUrlsFor1Protocol(ServiceConfig.java:515)
	at com.alibaba.dubbo.config.ServiceConfig.doExportUrls(ServiceConfig.java:360)
	at com.alibaba.dubbo.config.ServiceConfig.doExport(ServiceConfig.java:319)
	at com.alibaba.dubbo.config.ServiceConfig.export(ServiceConfig.java:217)
	at com.alibaba.dubbo.config.spring.ServiceBean.export(ServiceBean.java:266)
	at com.alibaba.dubbo.config.spring.ServiceBean.onApplicationEvent(ServiceBean.java:106)
	at com.alibaba.dubbo.config.spring.ServiceBean.onApplicationEvent(ServiceBean.java:53)
	at org.springframework.context.event.SimpleApplicationEventMulticaster.doInvokeListener(SimpleApplicationEventMulticaster.java:172)
	at org.springframework.context.event.SimpleApplicationEventMulticaster.invokeListener(SimpleApplicationEventMulticaster.java:165)
	at org.springframework.context.event.SimpleApplicationEventMulticaster.multicastEvent(SimpleApplicationEventMulticaster.java:139)
	at org.springframework.context.support.AbstractApplicationContext.publishEvent(AbstractApplicationContext.java:402)
	at org.springframework.context.support.AbstractApplicationContext.publishEvent(AbstractApplicationContext.java:359)
	at org.springframework.context.support.AbstractApplicationContext.finishRefresh(AbstractApplicationContext.java:896)
	at org.springframework.boot.web.servlet.context.ServletWebServerApplicationContext.finishRefresh(ServletWebServerApplicationContext.java:163)
	at org.springframework.context.support.AbstractApplicationContext.refresh(AbstractApplicationContext.java:552)
	at org.springframework.boot.web.servlet.context.ServletWebServerApplicationContext.refresh(ServletWebServerApplicationContext.java:142)
	at org.springframework.boot.SpringApplication.refresh(SpringApplication.java:775)
	at org.springframework.boot.SpringApplication.refreshContext(SpringApplication.java:397)
	at org.springframework.boot.SpringApplication.run(SpringApplication.java:316)
	at org.springframework.boot.SpringApplication.run(SpringApplication.java:1260)
	at org.springframework.boot.SpringApplication.run(SpringApplication.java:1248)
	at com.mwp.demo.DemoApplication.main(DemoApplication.java:19)
Caused by: com.alibaba.dubbo.remoting.RemotingException: Failed to bind NettyServer on /192.168.0.234:20880, cause: io/netty/bootstrap/ServerBootstrap
	at com.alibaba.dubbo.remoting.transport.AbstractServer.<init>(AbstractServer.java:68)
	at com.alibaba.dubbo.remoting.transport.netty4.NettyServer.<init>(NettyServer.java:65)
	at com.alibaba.dubbo.remoting.transport.netty4.NettyTransporter.bind(NettyTransporter.java:32)
	at com.alibaba.dubbo.remoting.Transporter$Adaptive.bind(Transporter$Adaptive.java)
	at com.alibaba.dubbo.remoting.Transporters.bind(Transporters.java:56)
	at com.alibaba.dubbo.remoting.exchange.support.header.HeaderExchanger.bind(HeaderExchanger.java:44)
	at com.alibaba.dubbo.remoting.exchange.Exchangers.bind(Exchangers.java:70)
	at com.alibaba.dubbo.rpc.protocol.dubbo.DubboProtocol.createServer(DubboProtocol.java:285)
	... 34 common frames omitted
Caused by: java.lang.NoClassDefFoundError: io/netty/bootstrap/ServerBootstrap
	at com.alibaba.dubbo.remoting.transport.netty4.NettyServer.doOpen(NettyServer.java:70)
	at com.alibaba.dubbo.remoting.transport.AbstractServer.<init>(AbstractServer.java:63)
	... 41 common frames omitted
Caused by: java.lang.ClassNotFoundException: io.netty.bootstrap.ServerBootstrap
	at java.net.URLClassLoader.findClass(URLClassLoader.java:382)
	at java.lang.ClassLoader.loadClass(ClassLoader.java:424)
	at sun.misc.Launcher$AppClassLoader.loadClass(Launcher.java:349)
	at java.lang.ClassLoader.loadClass(ClassLoader.java:357)
	... 43 common frames omitted
2019-07-09 14:00:31,468 - demo - org.springframework.boot.SpringApplication - ERROR [main]  [SpringApplication:reportFailure] - Application run failed
com.alibaba.dubbo.rpc.RpcException: Fail to start server(url: dubbo://192.168.0.234:20880/com.mwp.demo.api.MyCache.LocalCacheApi?anyhost=true&application=bootDemo&bean.name=providers:dubbo:localCacheApi&bind.ip=192.168.0.234&bind.port=20880&channel.readonly.sent=true&codec=dubbo&default.group=dubbo&dubbo=2.0.2&generic=false&heartbeat=60000&interface=com.mwp.demo.api.MyCache.LocalCacheApi&methods=getSize,getCache,removeCache,removeAllCache,setCacheExpire,setCache,containKey&pid=1894&side=provider&timestamp=1562652031314) Failed to bind NettyServer on /192.168.0.234:20880, cause: io/netty/bootstrap/ServerBootstrap
	at com.alibaba.dubbo.rpc.protocol.dubbo.DubboProtocol.createServer(DubboProtocol.java:287)
	at com.alibaba.dubbo.rpc.protocol.dubbo.DubboProtocol.openServer(DubboProtocol.java:264)
	at com.alibaba.dubbo.rpc.protocol.dubbo.DubboProtocol.export(DubboProtocol.java:251)
	at com.alibaba.dubbo.rpc.protocol.ProtocolListenerWrapper.export(ProtocolListenerWrapper.java:57)
	at com.alibaba.dubbo.rpc.protocol.ProtocolFilterWrapper.export(ProtocolFilterWrapper.java:100)
	at com.alibaba.dubbo.qos.protocol.QosProtocolWrapper.export(QosProtocolWrapper.java:62)
	at com.alibaba.dubbo.rpc.Protocol$Adaptive.export(Protocol$Adaptive.java)
	at com.alibaba.dubbo.registry.integration.RegistryProtocol.doLocalExport(RegistryProtocol.java:172)
	at com.alibaba.dubbo.registry.integration.RegistryProtocol.export(RegistryProtocol.java:135)
	at com.alibaba.dubbo.rpc.protocol.ProtocolListenerWrapper.export(ProtocolListenerWrapper.java:55)
	at com.alibaba.dubbo.rpc.protocol.ProtocolFilterWrapper.export(ProtocolFilterWrapper.java:98)
	at com.alibaba.dubbo.qos.protocol.QosProtocolWrapper.export(QosProtocolWrapper.java:60)
	at com.alibaba.dubbo.rpc.Protocol$Adaptive.export(Protocol$Adaptive.java)
	at com.alibaba.dubbo.config.ServiceConfig.doExportUrlsFor1Protocol(ServiceConfig.java:515)
	at com.alibaba.dubbo.config.ServiceConfig.doExportUrls(ServiceConfig.java:360)
	at com.alibaba.dubbo.config.ServiceConfig.doExport(ServiceConfig.java:319)
	at com.alibaba.dubbo.config.ServiceConfig.export(ServiceConfig.java:217)
	at com.alibaba.dubbo.config.spring.ServiceBean.export(ServiceBean.java:266)
	at com.alibaba.dubbo.config.spring.ServiceBean.onApplicationEvent(ServiceBean.java:106)
	at com.alibaba.dubbo.config.spring.ServiceBean.onApplicationEvent(ServiceBean.java:53)
	at org.springframework.context.event.SimpleApplicationEventMulticaster.doInvokeListener(SimpleApplicationEventMulticaster.java:172)
	at org.springframework.context.event.SimpleApplicationEventMulticaster.invokeListener(SimpleApplicationEventMulticaster.java:165)
	at org.springframework.context.event.SimpleApplicationEventMulticaster.multicastEvent(SimpleApplicationEventMulticaster.java:139)
	at org.springframework.context.support.AbstractApplicationContext.publishEvent(AbstractApplicationContext.java:402)
	at org.springframework.context.support.AbstractApplicationContext.publishEvent(AbstractApplicationContext.java:359)
	at org.springframework.context.support.AbstractApplicationContext.finishRefresh(AbstractApplicationContext.java:896)
	at org.springframework.boot.web.servlet.context.ServletWebServerApplicationContext.finishRefresh(ServletWebServerApplicationContext.java:163)
	at org.springframework.context.support.AbstractApplicationContext.refresh(AbstractApplicationContext.java:552)
	at org.springframework.boot.web.servlet.context.ServletWebServerApplicationContext.refresh(ServletWebServerApplicationContext.java:142)
	at org.springframework.boot.SpringApplication.refresh(SpringApplication.java:775)
	at org.springframework.boot.SpringApplication.refreshContext(SpringApplication.java:397)
	at org.springframework.boot.SpringApplication.run(SpringApplication.java:316)
	at org.springframework.boot.SpringApplication.run(SpringApplication.java:1260)
	at org.springframework.boot.SpringApplication.run(SpringApplication.java:1248)
	at com.mwp.demo.DemoApplication.main(DemoApplication.java:19)
Caused by: com.alibaba.dubbo.remoting.RemotingException: Failed to bind NettyServer on /192.168.0.234:20880, cause: io/netty/bootstrap/ServerBootstrap
	at com.alibaba.dubbo.remoting.transport.AbstractServer.<init>(AbstractServer.java:68)
	at com.alibaba.dubbo.remoting.transport.netty4.NettyServer.<init>(NettyServer.java:65)
	at com.alibaba.dubbo.remoting.transport.netty4.NettyTransporter.bind(NettyTransporter.java:32)
	at com.alibaba.dubbo.remoting.Transporter$Adaptive.bind(Transporter$Adaptive.java)
	at com.alibaba.dubbo.remoting.Transporters.bind(Transporters.java:56)
	at com.alibaba.dubbo.remoting.exchange.support.header.HeaderExchanger.bind(HeaderExchanger.java:44)
	at com.alibaba.dubbo.remoting.exchange.Exchangers.bind(Exchangers.java:70)
	at com.alibaba.dubbo.rpc.protocol.dubbo.DubboProtocol.createServer(DubboProtocol.java:285)
	... 34 common frames omitted
Caused by: java.lang.NoClassDefFoundError: io/netty/bootstrap/ServerBootstrap
	at com.alibaba.dubbo.remoting.transport.netty4.NettyServer.doOpen(NettyServer.java:70)
	at com.alibaba.dubbo.remoting.transport.AbstractServer.<init>(AbstractServer.java:63)
	... 41 common frames omitted
Caused by: java.lang.ClassNotFoundException: io.netty.bootstrap.ServerBootstrap
	at java.net.URLClassLoader.findClass(URLClassLoader.java:382)
	at java.lang.ClassLoader.loadClass(ClassLoader.java:424)
	at sun.misc.Launcher$AppClassLoader.loadClass(Launcher.java:349)
	at java.lang.ClassLoader.loadClass(ClassLoader.java:357)
	... 43 common frames omitted
2019-07-09 14:07:58,093 - demo - org.springframework.boot.SpringApplication - ERROR [main]  [SpringApplication:reportFailure] - Application run failed
org.springframework.beans.factory.BeanCreationException: Error creating bean with name 'com.alibaba.dubbo.config.ProtocolConfig#0': Initialization of bean failed; nested exception is java.lang.IllegalStateException: Invalid name="com.alibaba.dubbo.config.ProtocolConfig#0" contains illegal character, only digit, letter, '-', '_' or '.' is legal.
	at org.springframework.beans.factory.support.AbstractAutowireCapableBeanFactory.doCreateBean(AbstractAutowireCapableBeanFactory.java:601)
	at org.springframework.beans.factory.support.AbstractAutowireCapableBeanFactory.createBean(AbstractAutowireCapableBeanFactory.java:515)
	at org.springframework.beans.factory.support.AbstractBeanFactory.lambda$doGetBean$0(AbstractBeanFactory.java:320)
	at org.springframework.beans.factory.support.DefaultSingletonBeanRegistry.getSingleton(DefaultSingletonBeanRegistry.java:222)
	at org.springframework.beans.factory.support.AbstractBeanFactory.doGetBean(AbstractBeanFactory.java:318)
	at org.springframework.beans.factory.support.AbstractBeanFactory.getBean(AbstractBeanFactory.java:199)
	at org.springframework.beans.factory.support.DefaultListableBeanFactory.preInstantiateSingletons(DefaultListableBeanFactory.java:849)
	at org.springframework.context.support.AbstractApplicationContext.finishBeanFactoryInitialization(AbstractApplicationContext.java:877)
	at org.springframework.context.support.AbstractApplicationContext.refresh(AbstractApplicationContext.java:549)
	at org.springframework.boot.web.servlet.context.ServletWebServerApplicationContext.refresh(ServletWebServerApplicationContext.java:142)
	at org.springframework.boot.SpringApplication.refresh(SpringApplication.java:775)
	at org.springframework.boot.SpringApplication.refreshContext(SpringApplication.java:397)
	at org.springframework.boot.SpringApplication.run(SpringApplication.java:316)
	at org.springframework.boot.SpringApplication.run(SpringApplication.java:1260)
	at org.springframework.boot.SpringApplication.run(SpringApplication.java:1248)
	at com.mwp.demo.DemoApplication.main(DemoApplication.java:19)
Caused by: java.lang.IllegalStateException: Invalid name="com.alibaba.dubbo.config.ProtocolConfig#0" contains illegal character, only digit, letter, '-', '_' or '.' is legal.
	at com.alibaba.dubbo.config.AbstractConfig.checkProperty(AbstractConfig.java:396)
	at com.alibaba.dubbo.config.AbstractConfig.checkName(AbstractConfig.java:354)
	at com.alibaba.dubbo.config.ProtocolConfig.setName(ProtocolConfig.java:154)
	at sun.reflect.NativeMethodAccessorImpl.invoke0(Native Method)
	at sun.reflect.NativeMethodAccessorImpl.invoke(NativeMethodAccessorImpl.java:62)
	at sun.reflect.DelegatingMethodAccessorImpl.invoke(DelegatingMethodAccessorImpl.java:43)
	at java.lang.reflect.Method.invoke(Method.java:498)
	at org.springframework.util.ReflectionUtils.invokeMethod(ReflectionUtils.java:282)
	at com.alibaba.dubbo.config.spring.context.config.NamePropertyDefaultValueDubboConfigBeanCustomizer.customize(NamePropertyDefaultValueDubboConfigBeanCustomizer.java:65)
	at com.alibaba.dubbo.config.spring.beans.factory.annotation.DubboConfigBindingBeanPostProcessor.customize(DubboConfigBindingBeanPostProcessor.java:116)
	at com.alibaba.dubbo.config.spring.beans.factory.annotation.DubboConfigBindingBeanPostProcessor.postProcessBeforeInitialization(DubboConfigBindingBeanPostProcessor.java:95)
	at org.springframework.beans.factory.support.AbstractAutowireCapableBeanFactory.applyBeanPostProcessorsBeforeInitialization(AbstractAutowireCapableBeanFactory.java:414)
	at org.springframework.beans.factory.support.AbstractAutowireCapableBeanFactory.initializeBean(AbstractAutowireCapableBeanFactory.java:1770)
	at org.springframework.beans.factory.support.AbstractAutowireCapableBeanFactory.doCreateBean(AbstractAutowireCapableBeanFactory.java:593)
	... 15 common frames omitted
2019-07-09 14:19:29,298 - demo - org.springframework.boot.SpringApplication - ERROR [main]  [SpringApplication:reportFailure] - Application run failed
com.alibaba.dubbo.rpc.RpcException: Fail to start server(url: dubbo://192.168.0.234:20880/com.mwp.demo.api.MyCache.LocalCacheApi?anyhost=true&application=bootDemo&bean.name=providers:dubbo:localCacheApi&bind.ip=192.168.0.234&bind.port=20880&channel.readonly.sent=true&codec=dubbo&default.group=dubbo&dubbo=2.0.2&generic=false&heartbeat=60000&interface=com.mwp.demo.api.MyCache.LocalCacheApi&methods=getSize,getCache,removeCache,removeAllCache,setCacheExpire,setCache,containKey&pid=2025&side=provider&timestamp=1562653169127) Failed to bind NettyServer on /192.168.0.234:20880, cause: io/netty/bootstrap/ServerBootstrap
	at com.alibaba.dubbo.rpc.protocol.dubbo.DubboProtocol.createServer(DubboProtocol.java:287)
	at com.alibaba.dubbo.rpc.protocol.dubbo.DubboProtocol.openServer(DubboProtocol.java:264)
	at com.alibaba.dubbo.rpc.protocol.dubbo.DubboProtocol.export(DubboProtocol.java:251)
	at com.alibaba.dubbo.qos.protocol.QosProtocolWrapper.export(QosProtocolWrapper.java:62)
	at com.alibaba.dubbo.rpc.protocol.ProtocolFilterWrapper.export(ProtocolFilterWrapper.java:100)
	at com.alibaba.dubbo.rpc.protocol.ProtocolListenerWrapper.export(ProtocolListenerWrapper.java:57)
	at com.alibaba.dubbo.rpc.Protocol$Adaptive.export(Protocol$Adaptive.java)
	at com.alibaba.dubbo.registry.integration.RegistryProtocol.doLocalExport(RegistryProtocol.java:172)
	at com.alibaba.dubbo.registry.integration.RegistryProtocol.export(RegistryProtocol.java:135)
	at com.alibaba.dubbo.qos.protocol.QosProtocolWrapper.export(QosProtocolWrapper.java:60)
	at com.alibaba.dubbo.rpc.protocol.ProtocolFilterWrapper.export(ProtocolFilterWrapper.java:98)
	at com.alibaba.dubbo.rpc.protocol.ProtocolListenerWrapper.export(ProtocolListenerWrapper.java:55)
	at com.alibaba.dubbo.rpc.Protocol$Adaptive.export(Protocol$Adaptive.java)
	at com.alibaba.dubbo.config.ServiceConfig.doExportUrlsFor1Protocol(ServiceConfig.java:515)
	at com.alibaba.dubbo.config.ServiceConfig.doExportUrls(ServiceConfig.java:360)
	at com.alibaba.dubbo.config.ServiceConfig.doExport(ServiceConfig.java:319)
	at com.alibaba.dubbo.config.ServiceConfig.export(ServiceConfig.java:217)
	at com.alibaba.dubbo.config.spring.ServiceBean.export(ServiceBean.java:266)
	at com.alibaba.dubbo.config.spring.ServiceBean.onApplicationEvent(ServiceBean.java:106)
	at com.alibaba.dubbo.config.spring.ServiceBean.onApplicationEvent(ServiceBean.java:53)
	at org.springframework.context.event.SimpleApplicationEventMulticaster.doInvokeListener(SimpleApplicationEventMulticaster.java:172)
	at org.springframework.context.event.SimpleApplicationEventMulticaster.invokeListener(SimpleApplicationEventMulticaster.java:165)
	at org.springframework.context.event.SimpleApplicationEventMulticaster.multicastEvent(SimpleApplicationEventMulticaster.java:139)
	at org.springframework.context.support.AbstractApplicationContext.publishEvent(AbstractApplicationContext.java:402)
	at org.springframework.context.support.AbstractApplicationContext.publishEvent(AbstractApplicationContext.java:359)
	at org.springframework.context.support.AbstractApplicationContext.finishRefresh(AbstractApplicationContext.java:896)
	at org.springframework.boot.web.servlet.context.ServletWebServerApplicationContext.finishRefresh(ServletWebServerApplicationContext.java:163)
	at org.springframework.context.support.AbstractApplicationContext.refresh(AbstractApplicationContext.java:552)
	at org.springframework.boot.web.servlet.context.ServletWebServerApplicationContext.refresh(ServletWebServerApplicationContext.java:142)
	at org.springframework.boot.SpringApplication.refresh(SpringApplication.java:775)
	at org.springframework.boot.SpringApplication.refreshContext(SpringApplication.java:397)
	at org.springframework.boot.SpringApplication.run(SpringApplication.java:316)
	at org.springframework.boot.SpringApplication.run(SpringApplication.java:1260)
	at org.springframework.boot.SpringApplication.run(SpringApplication.java:1248)
	at com.mwp.demo.DemoApplication.main(DemoApplication.java:19)
Caused by: com.alibaba.dubbo.remoting.RemotingException: Failed to bind NettyServer on /192.168.0.234:20880, cause: io/netty/bootstrap/ServerBootstrap
	at com.alibaba.dubbo.remoting.transport.AbstractServer.<init>(AbstractServer.java:68)
	at com.alibaba.dubbo.remoting.transport.netty4.NettyServer.<init>(NettyServer.java:65)
	at com.alibaba.dubbo.remoting.transport.netty4.NettyTransporter.bind(NettyTransporter.java:32)
	at com.alibaba.dubbo.remoting.Transporter$Adaptive.bind(Transporter$Adaptive.java)
	at com.alibaba.dubbo.remoting.Transporters.bind(Transporters.java:56)
	at com.alibaba.dubbo.remoting.exchange.support.header.HeaderExchanger.bind(HeaderExchanger.java:44)
	at com.alibaba.dubbo.remoting.exchange.Exchangers.bind(Exchangers.java:70)
	at com.alibaba.dubbo.rpc.protocol.dubbo.DubboProtocol.createServer(DubboProtocol.java:285)
	... 34 common frames omitted
Caused by: java.lang.NoClassDefFoundError: io/netty/bootstrap/ServerBootstrap
	at com.alibaba.dubbo.remoting.transport.netty4.NettyServer.doOpen(NettyServer.java:70)
	at com.alibaba.dubbo.remoting.transport.AbstractServer.<init>(AbstractServer.java:63)
	... 41 common frames omitted
Caused by: java.lang.ClassNotFoundException: io.netty.bootstrap.ServerBootstrap
	at java.net.URLClassLoader.findClass(URLClassLoader.java:382)
	at java.lang.ClassLoader.loadClass(ClassLoader.java:424)
	at sun.misc.Launcher$AppClassLoader.loadClass(Launcher.java:349)
	at java.lang.ClassLoader.loadClass(ClassLoader.java:357)
	... 43 common frames omitted
2019-07-09 14:20:02,322 - demo - org.springframework.boot.SpringApplication - ERROR [main]  [SpringApplication:reportFailure] - Application run failed
org.springframework.beans.factory.BeanCreationException: Error creating bean with name 'com.alibaba.dubbo.config.ProtocolConfig#0': Initialization of bean failed; nested exception is java.lang.IllegalStateException: Invalid name="com.alibaba.dubbo.config.ProtocolConfig#0" contains illegal character, only digit, letter, '-', '_' or '.' is legal.
	at org.springframework.beans.factory.support.AbstractAutowireCapableBeanFactory.doCreateBean(AbstractAutowireCapableBeanFactory.java:601)
	at org.springframework.beans.factory.support.AbstractAutowireCapableBeanFactory.createBean(AbstractAutowireCapableBeanFactory.java:515)
	at org.springframework.beans.factory.support.AbstractBeanFactory.lambda$doGetBean$0(AbstractBeanFactory.java:320)
	at org.springframework.beans.factory.support.DefaultSingletonBeanRegistry.getSingleton(DefaultSingletonBeanRegistry.java:222)
	at org.springframework.beans.factory.support.AbstractBeanFactory.doGetBean(AbstractBeanFactory.java:318)
	at org.springframework.beans.factory.support.AbstractBeanFactory.getBean(AbstractBeanFactory.java:199)
	at org.springframework.beans.factory.support.DefaultListableBeanFactory.preInstantiateSingletons(DefaultListableBeanFactory.java:849)
	at org.springframework.context.support.AbstractApplicationContext.finishBeanFactoryInitialization(AbstractApplicationContext.java:877)
	at org.springframework.context.support.AbstractApplicationContext.refresh(AbstractApplicationContext.java:549)
	at org.springframework.boot.web.servlet.context.ServletWebServerApplicationContext.refresh(ServletWebServerApplicationContext.java:142)
	at org.springframework.boot.SpringApplication.refresh(SpringApplication.java:775)
	at org.springframework.boot.SpringApplication.refreshContext(SpringApplication.java:397)
	at org.springframework.boot.SpringApplication.run(SpringApplication.java:316)
	at org.springframework.boot.SpringApplication.run(SpringApplication.java:1260)
	at org.springframework.boot.SpringApplication.run(SpringApplication.java:1248)
	at com.mwp.demo.DemoApplication.main(DemoApplication.java:19)
Caused by: java.lang.IllegalStateException: Invalid name="com.alibaba.dubbo.config.ProtocolConfig#0" contains illegal character, only digit, letter, '-', '_' or '.' is legal.
	at com.alibaba.dubbo.config.AbstractConfig.checkProperty(AbstractConfig.java:396)
	at com.alibaba.dubbo.config.AbstractConfig.checkName(AbstractConfig.java:354)
	at com.alibaba.dubbo.config.ProtocolConfig.setName(ProtocolConfig.java:154)
	at sun.reflect.NativeMethodAccessorImpl.invoke0(Native Method)
	at sun.reflect.NativeMethodAccessorImpl.invoke(NativeMethodAccessorImpl.java:62)
	at sun.reflect.DelegatingMethodAccessorImpl.invoke(DelegatingMethodAccessorImpl.java:43)
	at java.lang.reflect.Method.invoke(Method.java:498)
	at org.springframework.util.ReflectionUtils.invokeMethod(ReflectionUtils.java:282)
	at com.alibaba.dubbo.config.spring.context.config.NamePropertyDefaultValueDubboConfigBeanCustomizer.customize(NamePropertyDefaultValueDubboConfigBeanCustomizer.java:65)
	at com.alibaba.dubbo.config.spring.beans.factory.annotation.DubboConfigBindingBeanPostProcessor.customize(DubboConfigBindingBeanPostProcessor.java:116)
	at com.alibaba.dubbo.config.spring.beans.factory.annotation.DubboConfigBindingBeanPostProcessor.postProcessBeforeInitialization(DubboConfigBindingBeanPostProcessor.java:95)
	at org.springframework.beans.factory.support.AbstractAutowireCapableBeanFactory.applyBeanPostProcessorsBeforeInitialization(AbstractAutowireCapableBeanFactory.java:414)
	at org.springframework.beans.factory.support.AbstractAutowireCapableBeanFactory.initializeBean(AbstractAutowireCapableBeanFactory.java:1770)
	at org.springframework.beans.factory.support.AbstractAutowireCapableBeanFactory.doCreateBean(AbstractAutowireCapableBeanFactory.java:593)
	... 15 common frames omitted
2019-07-09 14:21:57,326 - demo - org.springframework.boot.SpringApplication - ERROR [main]  [SpringApplication:reportFailure] - Application run failed
org.springframework.beans.factory.BeanCreationException: Error creating bean with name 'com.alibaba.dubbo.config.ProtocolConfig#0': Initialization of bean failed; nested exception is java.lang.IllegalStateException: Invalid name="com.alibaba.dubbo.config.ProtocolConfig#0" contains illegal character, only digit, letter, '-', '_' or '.' is legal.
	at org.springframework.beans.factory.support.AbstractAutowireCapableBeanFactory.doCreateBean(AbstractAutowireCapableBeanFactory.java:601)
	at org.springframework.beans.factory.support.AbstractAutowireCapableBeanFactory.createBean(AbstractAutowireCapableBeanFactory.java:515)
	at org.springframework.beans.factory.support.AbstractBeanFactory.lambda$doGetBean$0(AbstractBeanFactory.java:320)
	at org.springframework.beans.factory.support.DefaultSingletonBeanRegistry.getSingleton(DefaultSingletonBeanRegistry.java:222)
	at org.springframework.beans.factory.support.AbstractBeanFactory.doGetBean(AbstractBeanFactory.java:318)
	at org.springframework.beans.factory.support.AbstractBeanFactory.getBean(AbstractBeanFactory.java:199)
	at org.springframework.beans.factory.support.DefaultListableBeanFactory.preInstantiateSingletons(DefaultListableBeanFactory.java:849)
	at org.springframework.context.support.AbstractApplicationContext.finishBeanFactoryInitialization(AbstractApplicationContext.java:877)
	at org.springframework.context.support.AbstractApplicationContext.refresh(AbstractApplicationContext.java:549)
	at org.springframework.boot.web.servlet.context.ServletWebServerApplicationContext.refresh(ServletWebServerApplicationContext.java:142)
	at org.springframework.boot.SpringApplication.refresh(SpringApplication.java:775)
	at org.springframework.boot.SpringApplication.refreshContext(SpringApplication.java:397)
	at org.springframework.boot.SpringApplication.run(SpringApplication.java:316)
	at org.springframework.boot.SpringApplication.run(SpringApplication.java:1260)
	at org.springframework.boot.SpringApplication.run(SpringApplication.java:1248)
	at com.mwp.demo.DemoApplication.main(DemoApplication.java:19)
Caused by: java.lang.IllegalStateException: Invalid name="com.alibaba.dubbo.config.ProtocolConfig#0" contains illegal character, only digit, letter, '-', '_' or '.' is legal.
	at com.alibaba.dubbo.config.AbstractConfig.checkProperty(AbstractConfig.java:396)
	at com.alibaba.dubbo.config.AbstractConfig.checkName(AbstractConfig.java:354)
	at com.alibaba.dubbo.config.ProtocolConfig.setName(ProtocolConfig.java:154)
	at sun.reflect.NativeMethodAccessorImpl.invoke0(Native Method)
	at sun.reflect.NativeMethodAccessorImpl.invoke(NativeMethodAccessorImpl.java:62)
	at sun.reflect.DelegatingMethodAccessorImpl.invoke(DelegatingMethodAccessorImpl.java:43)
	at java.lang.reflect.Method.invoke(Method.java:498)
	at org.springframework.util.ReflectionUtils.invokeMethod(ReflectionUtils.java:282)
	at com.alibaba.dubbo.config.spring.context.config.NamePropertyDefaultValueDubboConfigBeanCustomizer.customize(NamePropertyDefaultValueDubboConfigBeanCustomizer.java:65)
	at com.alibaba.dubbo.config.spring.beans.factory.annotation.DubboConfigBindingBeanPostProcessor.customize(DubboConfigBindingBeanPostProcessor.java:116)
	at com.alibaba.dubbo.config.spring.beans.factory.annotation.DubboConfigBindingBeanPostProcessor.postProcessBeforeInitialization(DubboConfigBindingBeanPostProcessor.java:95)
	at org.springframework.beans.factory.support.AbstractAutowireCapableBeanFactory.applyBeanPostProcessorsBeforeInitialization(AbstractAutowireCapableBeanFactory.java:414)
	at org.springframework.beans.factory.support.AbstractAutowireCapableBeanFactory.initializeBean(AbstractAutowireCapableBeanFactory.java:1770)
	at org.springframework.beans.factory.support.AbstractAutowireCapableBeanFactory.doCreateBean(AbstractAutowireCapableBeanFactory.java:593)
	... 15 common frames omitted
2019-07-09 14:25:02,999 - demo - org.springframework.boot.SpringApplication - ERROR [main]  [SpringApplication:reportFailure] - Application run failed
com.alibaba.dubbo.rpc.RpcException: Fail to start server(url: dubbo://192.168.0.234:20880/com.mwp.demo.api.MyCache.LocalCacheApi?anyhost=true&application=bootDemo&bean.name=providers:dubbo:localCacheApi&bind.ip=192.168.0.234&bind.port=20880&channel.readonly.sent=true&codec=dubbo&default.group=dubbo&dubbo=2.0.2&generic=false&heartbeat=60000&interface=com.mwp.demo.api.MyCache.LocalCacheApi&methods=getSize,getCache,removeCache,removeAllCache,setCacheExpire,containKey,setCache&pid=2068&side=provider&timestamp=1562653502830) Failed to bind NettyServer on /192.168.0.234:20880, cause: io/netty/bootstrap/ServerBootstrap
	at com.alibaba.dubbo.rpc.protocol.dubbo.DubboProtocol.createServer(DubboProtocol.java:287)
	at com.alibaba.dubbo.rpc.protocol.dubbo.DubboProtocol.openServer(DubboProtocol.java:264)
	at com.alibaba.dubbo.rpc.protocol.dubbo.DubboProtocol.export(DubboProtocol.java:251)
	at com.alibaba.dubbo.qos.protocol.QosProtocolWrapper.export(QosProtocolWrapper.java:62)
	at com.alibaba.dubbo.rpc.protocol.ProtocolListenerWrapper.export(ProtocolListenerWrapper.java:57)
	at com.alibaba.dubbo.rpc.protocol.ProtocolFilterWrapper.export(ProtocolFilterWrapper.java:100)
	at com.alibaba.dubbo.rpc.Protocol$Adaptive.export(Protocol$Adaptive.java)
	at com.alibaba.dubbo.registry.integration.RegistryProtocol.doLocalExport(RegistryProtocol.java:172)
	at com.alibaba.dubbo.registry.integration.RegistryProtocol.export(RegistryProtocol.java:135)
	at com.alibaba.dubbo.qos.protocol.QosProtocolWrapper.export(QosProtocolWrapper.java:60)
	at com.alibaba.dubbo.rpc.protocol.ProtocolListenerWrapper.export(ProtocolListenerWrapper.java:55)
	at com.alibaba.dubbo.rpc.protocol.ProtocolFilterWrapper.export(ProtocolFilterWrapper.java:98)
	at com.alibaba.dubbo.rpc.Protocol$Adaptive.export(Protocol$Adaptive.java)
	at com.alibaba.dubbo.config.ServiceConfig.doExportUrlsFor1Protocol(ServiceConfig.java:515)
	at com.alibaba.dubbo.config.ServiceConfig.doExportUrls(ServiceConfig.java:360)
	at com.alibaba.dubbo.config.ServiceConfig.doExport(ServiceConfig.java:319)
	at com.alibaba.dubbo.config.ServiceConfig.export(ServiceConfig.java:217)
	at com.alibaba.dubbo.config.spring.ServiceBean.export(ServiceBean.java:266)
	at com.alibaba.dubbo.config.spring.ServiceBean.onApplicationEvent(ServiceBean.java:106)
	at com.alibaba.dubbo.config.spring.ServiceBean.onApplicationEvent(ServiceBean.java:53)
	at org.springframework.context.event.SimpleApplicationEventMulticaster.doInvokeListener(SimpleApplicationEventMulticaster.java:172)
	at org.springframework.context.event.SimpleApplicationEventMulticaster.invokeListener(SimpleApplicationEventMulticaster.java:165)
	at org.springframework.context.event.SimpleApplicationEventMulticaster.multicastEvent(SimpleApplicationEventMulticaster.java:139)
	at org.springframework.context.support.AbstractApplicationContext.publishEvent(AbstractApplicationContext.java:402)
	at org.springframework.context.support.AbstractApplicationContext.publishEvent(AbstractApplicationContext.java:359)
	at org.springframework.context.support.AbstractApplicationContext.finishRefresh(AbstractApplicationContext.java:896)
	at org.springframework.boot.web.servlet.context.ServletWebServerApplicationContext.finishRefresh(ServletWebServerApplicationContext.java:163)
	at org.springframework.context.support.AbstractApplicationContext.refresh(AbstractApplicationContext.java:552)
	at org.springframework.boot.web.servlet.context.ServletWebServerApplicationContext.refresh(ServletWebServerApplicationContext.java:142)
	at org.springframework.boot.SpringApplication.refresh(SpringApplication.java:775)
	at org.springframework.boot.SpringApplication.refreshContext(SpringApplication.java:397)
	at org.springframework.boot.SpringApplication.run(SpringApplication.java:316)
	at org.springframework.boot.SpringApplication.run(SpringApplication.java:1260)
	at org.springframework.boot.SpringApplication.run(SpringApplication.java:1248)
	at com.mwp.demo.DemoApplication.main(DemoApplication.java:19)
Caused by: com.alibaba.dubbo.remoting.RemotingException: Failed to bind NettyServer on /192.168.0.234:20880, cause: io/netty/bootstrap/ServerBootstrap
	at com.alibaba.dubbo.remoting.transport.AbstractServer.<init>(AbstractServer.java:68)
	at com.alibaba.dubbo.remoting.transport.netty4.NettyServer.<init>(NettyServer.java:65)
	at com.alibaba.dubbo.remoting.transport.netty4.NettyTransporter.bind(NettyTransporter.java:32)
	at com.alibaba.dubbo.remoting.Transporter$Adaptive.bind(Transporter$Adaptive.java)
	at com.alibaba.dubbo.remoting.Transporters.bind(Transporters.java:56)
	at com.alibaba.dubbo.remoting.exchange.support.header.HeaderExchanger.bind(HeaderExchanger.java:44)
	at com.alibaba.dubbo.remoting.exchange.Exchangers.bind(Exchangers.java:70)
	at com.alibaba.dubbo.rpc.protocol.dubbo.DubboProtocol.createServer(DubboProtocol.java:285)
	... 34 common frames omitted
Caused by: java.lang.NoClassDefFoundError: io/netty/bootstrap/ServerBootstrap
	at com.alibaba.dubbo.remoting.transport.netty4.NettyServer.doOpen(NettyServer.java:70)
	at com.alibaba.dubbo.remoting.transport.AbstractServer.<init>(AbstractServer.java:63)
	... 41 common frames omitted
Caused by: java.lang.ClassNotFoundException: io.netty.bootstrap.ServerBootstrap
	at java.net.URLClassLoader.findClass(URLClassLoader.java:382)
	at java.lang.ClassLoader.loadClass(ClassLoader.java:424)
	at sun.misc.Launcher$AppClassLoader.loadClass(Launcher.java:349)
	at java.lang.ClassLoader.loadClass(ClassLoader.java:357)
	... 43 common frames omitted
2019-07-09 14:25:41,342 - demo - org.springframework.boot.SpringApplication - ERROR [main]  [SpringApplication:reportFailure] - Application run failed
com.alibaba.dubbo.rpc.RpcException: Fail to start server(url: dubbo://192.168.0.234:20880/com.mwp.demo.api.MyCache.LocalCacheApi?anyhost=true&application=bootDemo&bean.name=providers:dubbo:localCacheApi&bind.ip=192.168.0.234&bind.port=20880&channel.readonly.sent=true&codec=dubbo&default.group=dubbo&dubbo=2.0.2&generic=false&heartbeat=60000&interface=com.mwp.demo.api.MyCache.LocalCacheApi&methods=getSize,getCache,removeCache,removeAllCache,setCacheExpire,containKey,setCache&pid=2078&side=provider&timestamp=1562653541181) Failed to bind NettyServer on /192.168.0.234:20880, cause: io/netty/bootstrap/ServerBootstrap
	at com.alibaba.dubbo.rpc.protocol.dubbo.DubboProtocol.createServer(DubboProtocol.java:287)
	at com.alibaba.dubbo.rpc.protocol.dubbo.DubboProtocol.openServer(DubboProtocol.java:264)
	at com.alibaba.dubbo.rpc.protocol.dubbo.DubboProtocol.export(DubboProtocol.java:251)
	at com.alibaba.dubbo.qos.protocol.QosProtocolWrapper.export(QosProtocolWrapper.java:62)
	at com.alibaba.dubbo.rpc.protocol.ProtocolFilterWrapper.export(ProtocolFilterWrapper.java:100)
	at com.alibaba.dubbo.rpc.protocol.ProtocolListenerWrapper.export(ProtocolListenerWrapper.java:57)
	at com.alibaba.dubbo.rpc.Protocol$Adaptive.export(Protocol$Adaptive.java)
	at com.alibaba.dubbo.registry.integration.RegistryProtocol.doLocalExport(RegistryProtocol.java:172)
	at com.alibaba.dubbo.registry.integration.RegistryProtocol.export(RegistryProtocol.java:135)
	at com.alibaba.dubbo.qos.protocol.QosProtocolWrapper.export(QosProtocolWrapper.java:60)
	at com.alibaba.dubbo.rpc.protocol.ProtocolFilterWrapper.export(ProtocolFilterWrapper.java:98)
	at com.alibaba.dubbo.rpc.protocol.ProtocolListenerWrapper.export(ProtocolListenerWrapper.java:55)
	at com.alibaba.dubbo.rpc.Protocol$Adaptive.export(Protocol$Adaptive.java)
	at com.alibaba.dubbo.config.ServiceConfig.doExportUrlsFor1Protocol(ServiceConfig.java:515)
	at com.alibaba.dubbo.config.ServiceConfig.doExportUrls(ServiceConfig.java:360)
	at com.alibaba.dubbo.config.ServiceConfig.doExport(ServiceConfig.java:319)
	at com.alibaba.dubbo.config.ServiceConfig.export(ServiceConfig.java:217)
	at com.alibaba.dubbo.config.spring.ServiceBean.export(ServiceBean.java:266)
	at com.alibaba.dubbo.config.spring.ServiceBean.onApplicationEvent(ServiceBean.java:106)
	at com.alibaba.dubbo.config.spring.ServiceBean.onApplicationEvent(ServiceBean.java:53)
	at org.springframework.context.event.SimpleApplicationEventMulticaster.doInvokeListener(SimpleApplicationEventMulticaster.java:172)
	at org.springframework.context.event.SimpleApplicationEventMulticaster.invokeListener(SimpleApplicationEventMulticaster.java:165)
	at org.springframework.context.event.SimpleApplicationEventMulticaster.multicastEvent(SimpleApplicationEventMulticaster.java:139)
	at org.springframework.context.support.AbstractApplicationContext.publishEvent(AbstractApplicationContext.java:402)
	at org.springframework.context.support.AbstractApplicationContext.publishEvent(AbstractApplicationContext.java:359)
	at org.springframework.context.support.AbstractApplicationContext.finishRefresh(AbstractApplicationContext.java:896)
	at org.springframework.boot.web.servlet.context.ServletWebServerApplicationContext.finishRefresh(ServletWebServerApplicationContext.java:163)
	at org.springframework.context.support.AbstractApplicationContext.refresh(AbstractApplicationContext.java:552)
	at org.springframework.boot.web.servlet.context.ServletWebServerApplicationContext.refresh(ServletWebServerApplicationContext.java:142)
	at org.springframework.boot.SpringApplication.refresh(SpringApplication.java:775)
	at org.springframework.boot.SpringApplication.refreshContext(SpringApplication.java:397)
	at org.springframework.boot.SpringApplication.run(SpringApplication.java:316)
	at org.springframework.boot.SpringApplication.run(SpringApplication.java:1260)
	at org.springframework.boot.SpringApplication.run(SpringApplication.java:1248)
	at com.mwp.demo.DemoApplication.main(DemoApplication.java:19)
Caused by: com.alibaba.dubbo.remoting.RemotingException: Failed to bind NettyServer on /192.168.0.234:20880, cause: io/netty/bootstrap/ServerBootstrap
	at com.alibaba.dubbo.remoting.transport.AbstractServer.<init>(AbstractServer.java:68)
	at com.alibaba.dubbo.remoting.transport.netty4.NettyServer.<init>(NettyServer.java:65)
	at com.alibaba.dubbo.remoting.transport.netty4.NettyTransporter.bind(NettyTransporter.java:32)
	at com.alibaba.dubbo.remoting.Transporter$Adaptive.bind(Transporter$Adaptive.java)
	at com.alibaba.dubbo.remoting.Transporters.bind(Transporters.java:56)
	at com.alibaba.dubbo.remoting.exchange.support.header.HeaderExchanger.bind(HeaderExchanger.java:44)
	at com.alibaba.dubbo.remoting.exchange.Exchangers.bind(Exchangers.java:70)
	at com.alibaba.dubbo.rpc.protocol.dubbo.DubboProtocol.createServer(DubboProtocol.java:285)
	... 34 common frames omitted
Caused by: java.lang.NoClassDefFoundError: io/netty/bootstrap/ServerBootstrap
	at com.alibaba.dubbo.remoting.transport.netty4.NettyServer.doOpen(NettyServer.java:70)
	at com.alibaba.dubbo.remoting.transport.AbstractServer.<init>(AbstractServer.java:63)
	... 41 common frames omitted
Caused by: java.lang.ClassNotFoundException: io.netty.bootstrap.ServerBootstrap
	at java.net.URLClassLoader.findClass(URLClassLoader.java:382)
	at java.lang.ClassLoader.loadClass(ClassLoader.java:424)
	at sun.misc.Launcher$AppClassLoader.loadClass(Launcher.java:349)
	at java.lang.ClassLoader.loadClass(ClassLoader.java:357)
	... 43 common frames omitted
2019-07-09 14:34:20,064 - demo - org.springframework.boot.SpringApplication - ERROR [main]  [SpringApplication:reportFailure] - Application run failed
com.alibaba.dubbo.rpc.RpcException: Fail to start server(url: dubbo://192.168.0.234:20881/com.mwp.demo.api.MyCache.LocalCacheApi?anyhost=true&application=bootDemo&bean.name=providers:dubbo:localCacheApi&bind.ip=192.168.0.234&bind.port=20881&channel.readonly.sent=true&codec=dubbo&default.group=dubbo&dubbo=2.0.2&generic=false&heartbeat=60000&interface=com.mwp.demo.api.MyCache.LocalCacheApi&methods=getSize,getCache,removeCache,removeAllCache,setCacheExpire,setCache,containKey&pid=2137&side=provider&timestamp=1562654059892) Failed to bind NettyServer on /192.168.0.234:20881, cause: io/netty/bootstrap/ServerBootstrap
	at com.alibaba.dubbo.rpc.protocol.dubbo.DubboProtocol.createServer(DubboProtocol.java:287)
	at com.alibaba.dubbo.rpc.protocol.dubbo.DubboProtocol.openServer(DubboProtocol.java:264)
	at com.alibaba.dubbo.rpc.protocol.dubbo.DubboProtocol.export(DubboProtocol.java:251)
	at com.alibaba.dubbo.qos.protocol.QosProtocolWrapper.export(QosProtocolWrapper.java:62)
	at com.alibaba.dubbo.rpc.protocol.ProtocolFilterWrapper.export(ProtocolFilterWrapper.java:100)
	at com.alibaba.dubbo.rpc.protocol.ProtocolListenerWrapper.export(ProtocolListenerWrapper.java:57)
	at com.alibaba.dubbo.rpc.Protocol$Adaptive.export(Protocol$Adaptive.java)
	at com.alibaba.dubbo.registry.integration.RegistryProtocol.doLocalExport(RegistryProtocol.java:172)
	at com.alibaba.dubbo.registry.integration.RegistryProtocol.export(RegistryProtocol.java:135)
	at com.alibaba.dubbo.qos.protocol.QosProtocolWrapper.export(QosProtocolWrapper.java:60)
	at com.alibaba.dubbo.rpc.protocol.ProtocolFilterWrapper.export(ProtocolFilterWrapper.java:98)
	at com.alibaba.dubbo.rpc.protocol.ProtocolListenerWrapper.export(ProtocolListenerWrapper.java:55)
	at com.alibaba.dubbo.rpc.Protocol$Adaptive.export(Protocol$Adaptive.java)
	at com.alibaba.dubbo.config.ServiceConfig.doExportUrlsFor1Protocol(ServiceConfig.java:515)
	at com.alibaba.dubbo.config.ServiceConfig.doExportUrls(ServiceConfig.java:360)
	at com.alibaba.dubbo.config.ServiceConfig.doExport(ServiceConfig.java:319)
	at com.alibaba.dubbo.config.ServiceConfig.export(ServiceConfig.java:217)
	at com.alibaba.dubbo.config.spring.ServiceBean.export(ServiceBean.java:266)
	at com.alibaba.dubbo.config.spring.ServiceBean.onApplicationEvent(ServiceBean.java:106)
	at com.alibaba.dubbo.config.spring.ServiceBean.onApplicationEvent(ServiceBean.java:53)
	at org.springframework.context.event.SimpleApplicationEventMulticaster.doInvokeListener(SimpleApplicationEventMulticaster.java:172)
	at org.springframework.context.event.SimpleApplicationEventMulticaster.invokeListener(SimpleApplicationEventMulticaster.java:165)
	at org.springframework.context.event.SimpleApplicationEventMulticaster.multicastEvent(SimpleApplicationEventMulticaster.java:139)
	at org.springframework.context.support.AbstractApplicationContext.publishEvent(AbstractApplicationContext.java:402)
	at org.springframework.context.support.AbstractApplicationContext.publishEvent(AbstractApplicationContext.java:359)
	at org.springframework.context.support.AbstractApplicationContext.finishRefresh(AbstractApplicationContext.java:896)
	at org.springframework.boot.web.servlet.context.ServletWebServerApplicationContext.finishRefresh(ServletWebServerApplicationContext.java:163)
	at org.springframework.context.support.AbstractApplicationContext.refresh(AbstractApplicationContext.java:552)
	at org.springframework.boot.web.servlet.context.ServletWebServerApplicationContext.refresh(ServletWebServerApplicationContext.java:142)
	at org.springframework.boot.SpringApplication.refresh(SpringApplication.java:775)
	at org.springframework.boot.SpringApplication.refreshContext(SpringApplication.java:397)
	at org.springframework.boot.SpringApplication.run(SpringApplication.java:316)
	at org.springframework.boot.SpringApplication.run(SpringApplication.java:1260)
	at org.springframework.boot.SpringApplication.run(SpringApplication.java:1248)
	at com.mwp.demo.DemoApplication.main(DemoApplication.java:19)
Caused by: com.alibaba.dubbo.remoting.RemotingException: Failed to bind NettyServer on /192.168.0.234:20881, cause: io/netty/bootstrap/ServerBootstrap
	at com.alibaba.dubbo.remoting.transport.AbstractServer.<init>(AbstractServer.java:68)
	at com.alibaba.dubbo.remoting.transport.netty4.NettyServer.<init>(NettyServer.java:65)
	at com.alibaba.dubbo.remoting.transport.netty4.NettyTransporter.bind(NettyTransporter.java:32)
	at com.alibaba.dubbo.remoting.Transporter$Adaptive.bind(Transporter$Adaptive.java)
	at com.alibaba.dubbo.remoting.Transporters.bind(Transporters.java:56)
	at com.alibaba.dubbo.remoting.exchange.support.header.HeaderExchanger.bind(HeaderExchanger.java:44)
	at com.alibaba.dubbo.remoting.exchange.Exchangers.bind(Exchangers.java:70)
	at com.alibaba.dubbo.rpc.protocol.dubbo.DubboProtocol.createServer(DubboProtocol.java:285)
	... 34 common frames omitted
Caused by: java.lang.NoClassDefFoundError: io/netty/bootstrap/ServerBootstrap
	at com.alibaba.dubbo.remoting.transport.netty4.NettyServer.doOpen(NettyServer.java:70)
	at com.alibaba.dubbo.remoting.transport.AbstractServer.<init>(AbstractServer.java:63)
	... 41 common frames omitted
Caused by: java.lang.ClassNotFoundException: io.netty.bootstrap.ServerBootstrap
	at java.net.URLClassLoader.findClass(URLClassLoader.java:382)
	at java.lang.ClassLoader.loadClass(ClassLoader.java:424)
	at sun.misc.Launcher$AppClassLoader.loadClass(Launcher.java:349)
	at java.lang.ClassLoader.loadClass(ClassLoader.java:357)
	... 43 common frames omitted
2019-07-09 14:42:41,724 - demo - org.springframework.boot.SpringApplication - ERROR [main]  [SpringApplication:reportFailure] - Application run failed
com.alibaba.dubbo.rpc.RpcException: Fail to start server(url: dubbo://192.168.0.234:20881/com.mwp.demo.api.MyCache.LocalCacheApi?anyhost=true&application=bootDemo&bean.name=providers:dubbo:localCacheApi&bind.ip=192.168.0.234&bind.port=20881&channel.readonly.sent=true&codec=dubbo&default.group=dubbo&dubbo=2.0.2&generic=false&heartbeat=60000&interface=com.mwp.demo.api.MyCache.LocalCacheApi&methods=getSize,getCache,removeCache,removeAllCache,setCacheExpire,setCache,containKey&pid=2226&side=provider&timestamp=1562654561442) Failed to bind NettyServer on /192.168.0.234:20881, cause: io/netty/bootstrap/ServerBootstrap
	at com.alibaba.dubbo.rpc.protocol.dubbo.DubboProtocol.createServer(DubboProtocol.java:287)
	at com.alibaba.dubbo.rpc.protocol.dubbo.DubboProtocol.openServer(DubboProtocol.java:264)
	at com.alibaba.dubbo.rpc.protocol.dubbo.DubboProtocol.export(DubboProtocol.java:251)
	at com.alibaba.dubbo.qos.protocol.QosProtocolWrapper.export(QosProtocolWrapper.java:62)
	at com.alibaba.dubbo.rpc.protocol.ProtocolListenerWrapper.export(ProtocolListenerWrapper.java:57)
	at com.alibaba.dubbo.rpc.protocol.ProtocolFilterWrapper.export(ProtocolFilterWrapper.java:100)
	at com.alibaba.dubbo.rpc.Protocol$Adaptive.export(Protocol$Adaptive.java)
	at com.alibaba.dubbo.registry.integration.RegistryProtocol.doLocalExport(RegistryProtocol.java:172)
	at com.alibaba.dubbo.registry.integration.RegistryProtocol.export(RegistryProtocol.java:135)
	at com.alibaba.dubbo.qos.protocol.QosProtocolWrapper.export(QosProtocolWrapper.java:60)
	at com.alibaba.dubbo.rpc.protocol.ProtocolListenerWrapper.export(ProtocolListenerWrapper.java:55)
	at com.alibaba.dubbo.rpc.protocol.ProtocolFilterWrapper.export(ProtocolFilterWrapper.java:98)
	at com.alibaba.dubbo.rpc.Protocol$Adaptive.export(Protocol$Adaptive.java)
	at com.alibaba.dubbo.config.ServiceConfig.doExportUrlsFor1Protocol(ServiceConfig.java:515)
	at com.alibaba.dubbo.config.ServiceConfig.doExportUrls(ServiceConfig.java:360)
	at com.alibaba.dubbo.config.ServiceConfig.doExport(ServiceConfig.java:319)
	at com.alibaba.dubbo.config.ServiceConfig.export(ServiceConfig.java:217)
	at com.alibaba.dubbo.config.spring.ServiceBean.export(ServiceBean.java:266)
	at com.alibaba.dubbo.config.spring.ServiceBean.onApplicationEvent(ServiceBean.java:106)
	at com.alibaba.dubbo.config.spring.ServiceBean.onApplicationEvent(ServiceBean.java:53)
	at org.springframework.context.event.SimpleApplicationEventMulticaster.doInvokeListener(SimpleApplicationEventMulticaster.java:172)
	at org.springframework.context.event.SimpleApplicationEventMulticaster.invokeListener(SimpleApplicationEventMulticaster.java:165)
	at org.springframework.context.event.SimpleApplicationEventMulticaster.multicastEvent(SimpleApplicationEventMulticaster.java:139)
	at org.springframework.context.support.AbstractApplicationContext.publishEvent(AbstractApplicationContext.java:402)
	at org.springframework.context.support.AbstractApplicationContext.publishEvent(AbstractApplicationContext.java:359)
	at org.springframework.context.support.AbstractApplicationContext.finishRefresh(AbstractApplicationContext.java:896)
	at org.springframework.boot.web.servlet.context.ServletWebServerApplicationContext.finishRefresh(ServletWebServerApplicationContext.java:163)
	at org.springframework.context.support.AbstractApplicationContext.refresh(AbstractApplicationContext.java:552)
	at org.springframework.boot.web.servlet.context.ServletWebServerApplicationContext.refresh(ServletWebServerApplicationContext.java:142)
	at org.springframework.boot.SpringApplication.refresh(SpringApplication.java:775)
	at org.springframework.boot.SpringApplication.refreshContext(SpringApplication.java:397)
	at org.springframework.boot.SpringApplication.run(SpringApplication.java:316)
	at org.springframework.boot.SpringApplication.run(SpringApplication.java:1260)
	at org.springframework.boot.SpringApplication.run(SpringApplication.java:1248)
	at com.mwp.demo.DemoApplication.main(DemoApplication.java:19)
Caused by: com.alibaba.dubbo.remoting.RemotingException: Failed to bind NettyServer on /192.168.0.234:20881, cause: io/netty/bootstrap/ServerBootstrap
	at com.alibaba.dubbo.remoting.transport.AbstractServer.<init>(AbstractServer.java:68)
	at com.alibaba.dubbo.remoting.transport.netty4.NettyServer.<init>(NettyServer.java:65)
	at com.alibaba.dubbo.remoting.transport.netty4.NettyTransporter.bind(NettyTransporter.java:32)
	at com.alibaba.dubbo.remoting.Transporter$Adaptive.bind(Transporter$Adaptive.java)
	at com.alibaba.dubbo.remoting.Transporters.bind(Transporters.java:56)
	at com.alibaba.dubbo.remoting.exchange.support.header.HeaderExchanger.bind(HeaderExchanger.java:44)
	at com.alibaba.dubbo.remoting.exchange.Exchangers.bind(Exchangers.java:70)
	at com.alibaba.dubbo.rpc.protocol.dubbo.DubboProtocol.createServer(DubboProtocol.java:285)
	... 34 common frames omitted
Caused by: java.lang.NoClassDefFoundError: io/netty/bootstrap/ServerBootstrap
	at com.alibaba.dubbo.remoting.transport.netty4.NettyServer.doOpen(NettyServer.java:70)
	at com.alibaba.dubbo.remoting.transport.AbstractServer.<init>(AbstractServer.java:63)
	... 41 common frames omitted
Caused by: java.lang.ClassNotFoundException: io.netty.bootstrap.ServerBootstrap
	at java.net.URLClassLoader.findClass(URLClassLoader.java:382)
	at java.lang.ClassLoader.loadClass(ClassLoader.java:424)
	at sun.misc.Launcher$AppClassLoader.loadClass(Launcher.java:349)
	at java.lang.ClassLoader.loadClass(ClassLoader.java:357)
	... 43 common frames omitted
2019-07-09 15:13:14,898 - demo - org.springframework.boot.SpringApplication - ERROR [main]  [SpringApplication:reportFailure] - Application run failed
java.lang.NoClassDefFoundError: org/apache/curator/framework/CuratorFrameworkFactory
	at com.alibaba.dubbo.remoting.zookeeper.curator.CuratorZookeeperClient.<init>(CuratorZookeeperClient.java:46)
	at com.alibaba.dubbo.remoting.zookeeper.curator.CuratorZookeeperTransporter.connect(CuratorZookeeperTransporter.java:27)
	at com.alibaba.dubbo.remoting.zookeeper.ZookeeperTransporter$Adaptive.connect(ZookeeperTransporter$Adaptive.java)
	at com.alibaba.dubbo.registry.zookeeper.ZookeeperRegistry.<init>(ZookeeperRegistry.java:69)
	at com.alibaba.dubbo.registry.zookeeper.ZookeeperRegistryFactory.createRegistry(ZookeeperRegistryFactory.java:38)
	at com.alibaba.dubbo.registry.support.AbstractRegistryFactory.getRegistry(AbstractRegistryFactory.java:96)
	at com.alibaba.dubbo.registry.RegistryFactory$Adaptive.getRegistry(RegistryFactory$Adaptive.java)
	at com.alibaba.dubbo.registry.integration.RegistryProtocol.getRegistry(RegistryProtocol.java:206)
	at com.alibaba.dubbo.registry.integration.RegistryProtocol.export(RegistryProtocol.java:140)
	at com.alibaba.dubbo.rpc.protocol.ProtocolFilterWrapper.export(ProtocolFilterWrapper.java:98)
	at com.alibaba.dubbo.rpc.protocol.ProtocolListenerWrapper.export(ProtocolListenerWrapper.java:55)
	at com.alibaba.dubbo.qos.protocol.QosProtocolWrapper.export(QosProtocolWrapper.java:60)
	at com.alibaba.dubbo.rpc.Protocol$Adaptive.export(Protocol$Adaptive.java)
	at com.alibaba.dubbo.config.ServiceConfig.doExportUrlsFor1Protocol(ServiceConfig.java:515)
	at com.alibaba.dubbo.config.ServiceConfig.doExportUrls(ServiceConfig.java:360)
	at com.alibaba.dubbo.config.ServiceConfig.doExport(ServiceConfig.java:319)
	at com.alibaba.dubbo.config.ServiceConfig.export(ServiceConfig.java:217)
	at com.alibaba.dubbo.config.spring.ServiceBean.export(ServiceBean.java:266)
	at com.alibaba.dubbo.config.spring.ServiceBean.onApplicationEvent(ServiceBean.java:106)
	at com.alibaba.dubbo.config.spring.ServiceBean.onApplicationEvent(ServiceBean.java:53)
	at org.springframework.context.event.SimpleApplicationEventMulticaster.doInvokeListener(SimpleApplicationEventMulticaster.java:172)
	at org.springframework.context.event.SimpleApplicationEventMulticaster.invokeListener(SimpleApplicationEventMulticaster.java:165)
	at org.springframework.context.event.SimpleApplicationEventMulticaster.multicastEvent(SimpleApplicationEventMulticaster.java:139)
	at org.springframework.context.support.AbstractApplicationContext.publishEvent(AbstractApplicationContext.java:402)
	at org.springframework.context.support.AbstractApplicationContext.publishEvent(AbstractApplicationContext.java:359)
	at org.springframework.context.support.AbstractApplicationContext.finishRefresh(AbstractApplicationContext.java:896)
	at org.springframework.boot.web.servlet.context.ServletWebServerApplicationContext.finishRefresh(ServletWebServerApplicationContext.java:163)
	at org.springframework.context.support.AbstractApplicationContext.refresh(AbstractApplicationContext.java:552)
	at org.springframework.boot.web.servlet.context.ServletWebServerApplicationContext.refresh(ServletWebServerApplicationContext.java:142)
	at org.springframework.boot.SpringApplication.refresh(SpringApplication.java:775)
	at org.springframework.boot.SpringApplication.refreshContext(SpringApplication.java:397)
	at org.springframework.boot.SpringApplication.run(SpringApplication.java:316)
	at org.springframework.boot.SpringApplication.run(SpringApplication.java:1260)
	at org.springframework.boot.SpringApplication.run(SpringApplication.java:1248)
	at com.mwp.demo.DemoApplication.main(DemoApplication.java:19)
Caused by: java.lang.ClassNotFoundException: org.apache.curator.framework.CuratorFrameworkFactory
	at java.net.URLClassLoader.findClass(URLClassLoader.java:382)
	at java.lang.ClassLoader.loadClass(ClassLoader.java:424)
	at sun.misc.Launcher$AppClassLoader.loadClass(Launcher.java:349)
	at java.lang.ClassLoader.loadClass(ClassLoader.java:357)
	... 35 common frames omitted
